mktextfm tex-gyre-math/ICU
mktextfm tex-gyre-math/ICU
mktextfm tex-gyre-math/ICU
mktextfm /B
mktextfm /I
mktextfm /BI
mktextfm /B
mktextfm /I
mktextfm /BI
mktextfm /B
mktextfm /I
mktextfm /BI
mktextfm Aria
mktextfm Aria
mktextfm Aria
mktextfm Aria
mktextfm Aria/B
mktextfm Aria
mktextfm Aria/I
mktextfm Aria
mktextfm Aria/BI
mktextfm Aria
mktextfm Aria
mktextfm Aria
mktextfm Aria
mktextfm Aria/B
mktextfm Aria
mktextfm Aria/I
mktextfm Aria
mktextfm Aria/BI
mktextfm Aria
mktextfm Aria
mktextfm Aria
mktextfm Aria
mktextfm Aria/B
mktextfm Aria
mktextfm Aria/I
mktextfm Aria
mktextfm Aria/BI
mktextfm Asana
mktextfm Asana
mktextfm Asana
mktextfm Asana
mktextfm Asana/B
mktextfm Asana
mktextfm Asana/I
mktextfm Asana
mktextfm Asana/BI
mktextfm Asana
mktextfm Asana
mktextfm Asana
mktextfm Asana
mktextfm Asana/B
mktextfm Asana
mktextfm Asana/I
mktextfm Asana
mktextfm Asana/BI
mktextfm Asana
mktextfm Asana
mktextfm Asana
mktextfm Asana
mktextfm Asana/B
mktextfm Asana
mktextfm Asana/I
mktextfm Asana
mktextfm Asana/BI
mktextfm L
mktextfm L
mktextfm L
mktextfm L
mktextfm L/B
mktextfm L
mktextfm L/I
mktextfm L
mktextfm L/BI
mktextfm L
mktextfm L
mktextfm L
mktextfm L
mktextfm L/B
mktextfm L
mktextfm L/I
mktextfm L
mktextfm L/BI
mktextfm L
mktextfm L
mktextfm L
mktextfm L
mktextfm L/B
mktextfm L
mktextfm L/I
mktextfm L
mktextfm L/BI
mktextfm LinLibertineG
mktextfm LinLibertineG
mktextfm LinLibertineG
mktextfm LinLibertineG
mktextfm LinLibertineG/B
mktextfm LinLibertineG
mktextfm LinLibertineG/I
mktextfm LinLibertineG
mktextfm LinLibertineG/BI
mktextfm LinLibertineG
mktextfm LinLibertineG
mktextfm /B
mktextfm /I
mktextfm /BI
mktextfm /B
mktextfm /I
mktextfm /BI
mktextfm /B
mktextfm /I
mktextfm /BI
mktextfm CharsiSIL
mktextfm CharsiSIL
mktextfm CharsiSIL
mktextfm CharsiSIL
mktextfm CharsiSIL/B
mktextfm CharsiSIL
mktextfm CharsiSIL/I
mktextfm CharsiSIL
mktextfm CharsiSIL/BI
mktextfm Time
mktextfm Time
mktextfm Time
mktextfm Time
mktextfm Time/B
mktextfm Time
mktextfm Time/I
mktextfm Time
mktextfm Time/BI
mktextfm Time
mktextfm Time
mktextfm Time
mktextfm Time
mktextfm Time/B
mktextfm Time
mktextfm Time/I
mktextfm Time
mktextfm Time/BI
mktextfm Time
mktextfm Time
mktextfm Time
mktextfm Time
mktextfm Time/B
mktextfm Time
mktextfm Time/I
mktextfm Time
mktextfm Time/BI
