\BOOKMARK [0][-]{chapter*.1}{Preface}{}% 1
\BOOKMARK [0][-]{chapter.1}{Writing\040Systems}{}% 2
\BOOKMARK [1][-]{section.1.1}{Introduction}{chapter.1}% 3
\BOOKMARK [1][-]{section.1.2}{Encoding}{chapter.1}% 4
\BOOKMARK [1][-]{section.1.3}{The\040linguistic\040terminological\040tradition}{chapter.1}% 5
\BOOKMARK [1][-]{section.1.4}{The\040Unicode\040approach}{chapter.1}% 6
\BOOKMARK [0][-]{chapter.2}{Unicode\040Pitfalls}{}% 7
\BOOKMARK [1][-]{section.2.1}{Wrong\040it\040is\040not}{chapter.2}% 8
\BOOKMARK [1][-]{section.2.2}{Pitfall:\040Blocks}{chapter.2}% 9
\BOOKMARK [1][-]{section.2.3}{Pitfall:\040Missing\040glyphs}{chapter.2}% 10
\BOOKMARK [1][-]{section.2.4}{Pitfall:\040Faulty\040rendering}{chapter.2}% 11
\BOOKMARK [1][-]{section.2.5}{Pitfall:\040Homoglyphs}{chapter.2}% 12
\BOOKMARK [1][-]{section.2.6}{Pitfall:\040Canonical\040equivalence}{chapter.2}% 13
\BOOKMARK [1][-]{section.2.7}{Pitfall:\040Characters\040are\040not\040glyphs}{chapter.2}% 14
\BOOKMARK [1][-]{section.2.8}{Pitfall:\040File\040formats}{chapter.2}% 15
\BOOKMARK [0][-]{chapter.3}{IPA\040meets\040Unicode}{}% 16
\BOOKMARK [1][-]{section.3.1}{Introducing\040the\040International\040Phonetic\040Alphabet\040\(IPA\)}{chapter.3}% 17
\BOOKMARK [1][-]{section.3.2}{Pitfall:\040There\040is\040no\040single\040complete\040Unicode\040code\040block\040for\040IPA}{chapter.3}% 18
\BOOKMARK [1][-]{section.3.3}{Pitfall:\040There\040are\040many\040IPA\040homoglyphs\040in\040Unicode}{chapter.3}% 19
\BOOKMARK [1][-]{section.3.4}{Pitfall:\040The\040notion\040of\040diacritic\040differs\040between\040IPA\040and\040Unicode}{chapter.3}% 20
\BOOKMARK [1][-]{section.3.5}{Pitfall:\040There\040is\040no\040unique\040diacritic\040ordering\040in\040IPA,\040nor\040in\040Unicode}{chapter.3}% 21
\BOOKMARK [0][-]{chapter.4}{Orthography\040profiles}{}% 22
\BOOKMARK [1][-]{section.4.1}{Characterizing\040writing\040systems}{chapter.4}% 23
\BOOKMARK [1][-]{section.4.2}{Informal\040description\040of\040orthography\040profiles}{chapter.4}% 24
\BOOKMARK [1][-]{section.4.3}{Formal\040specification\040of\040orthography\040profiles}{chapter.4}% 25
